2020-01-19 23:14:04  [ main:0 ] - [ INFO ]  ==============开始执行套件================
2020-01-19 23:14:05  [ main:1245 ] - [ INFO ]  ===============开始执行1测试用例==================
2020-01-19 23:14:05  [ main:1260 ] - [ INFO ]  params={"mobilephone":"18812341117","pwd":"a123456"}
2020-01-19 23:14:05  [ main:1261 ] - [ INFO ]  validateSql=[
 {
  "no":"1",
  "sql":"select count(*) as totalNum from member where mobilephone = '18812341117'"
 }
]
2020-01-19 23:14:10  [ main:5965 ] - [ INFO ]  ================添加回写信息======================
2020-01-19 23:14:10  [ main:5966 ] - [ INFO ]  ===============结束1测试用例==================
2020-01-19 23:14:10  [ main:6197 ] - [ INFO ]  ===============开始执行2测试用例==================
2020-01-19 23:14:10  [ main:6200 ] - [ INFO ]  params={"mobilephone":"18812341117","pwd":"a1234"}
2020-01-19 23:14:10  [ main:6201 ] - [ INFO ]  validateSql=null
2020-01-19 23:14:10  [ main:6395 ] - [ INFO ]  ================添加回写信息======================
2020-01-19 23:14:10  [ main:6395 ] - [ INFO ]  ===============结束2测试用例==================
2020-01-19 23:14:10  [ main:6405 ] - [ INFO ]  ===============开始执行3测试用例==================
2020-01-19 23:14:10  [ main:6406 ] - [ INFO ]  params={"mobilephone":"188111111","pwd":"a123456"}
2020-01-19 23:14:10  [ main:6407 ] - [ INFO ]  validateSql=null
2020-01-19 23:14:10  [ main:6541 ] - [ INFO ]  ================添加回写信息======================
2020-01-19 23:14:10  [ main:6542 ] - [ INFO ]  ===============结束3测试用例==================
2020-01-19 23:14:10  [ main:6555 ] - [ INFO ]  ===============开始执行4测试用例==================
2020-01-19 23:14:10  [ main:6556 ] - [ INFO ]  params={"mobilephone":"","pwd":"a123456"}
2020-01-19 23:14:10  [ main:6557 ] - [ INFO ]  validateSql=null
2020-01-19 23:14:11  [ main:6693 ] - [ INFO ]  ================添加回写信息======================
2020-01-19 23:14:11  [ main:6694 ] - [ INFO ]  ===============结束4测试用例==================
2020-01-19 23:14:11  [ main:6706 ] - [ INFO ]  ===============开始执行5测试用例==================
2020-01-19 23:14:11  [ main:6707 ] - [ INFO ]  params={"mobilephone":"18812341117","pwd":""}
2020-01-19 23:14:11  [ main:6708 ] - [ INFO ]  validateSql=null
2020-01-19 23:14:11  [ main:6851 ] - [ INFO ]  ================添加回写信息======================
2020-01-19 23:14:11  [ main:6851 ] - [ INFO ]  ===============结束5测试用例==================
2020-01-19 23:14:11  [ main:6859 ] - [ INFO ]  ===============开始执行6测试用例==================
2020-01-19 23:14:11  [ main:6860 ] - [ INFO ]  params={"mobilephone":"18811111112","pwd":"a123456"}
2020-01-19 23:14:11  [ main:6860 ] - [ INFO ]  validateSql=null
2020-01-19 23:14:11  [ main:7154 ] - [ INFO ]  ================添加回写信息======================
2020-01-19 23:14:11  [ main:7155 ] - [ INFO ]  ===============结束6测试用例==================
2020-01-19 23:14:11  [ main:7166 ] - [ INFO ]  ===============开始执行7测试用例==================
2020-01-19 23:14:11  [ main:7166 ] - [ INFO ]  params={"mobilephone":"18812341117","pwd":"a123456"}
2020-01-19 23:14:11  [ main:7167 ] - [ INFO ]  validateSql=null
2020-01-19 23:14:11  [ main:7476 ] - [ INFO ]  ================添加回写信息======================
2020-01-19 23:14:11  [ main:7476 ] - [ INFO ]  ===============结束7测试用例==================
2020-01-19 23:14:11  [ main:7484 ] - [ INFO ]  ===============开始执行8测试用例==================
2020-01-19 23:14:11  [ main:7485 ] - [ INFO ]  params={"mobilephone":"18812345671","pwd":"a123456"}
2020-01-19 23:14:11  [ main:7485 ] - [ INFO ]  validateSql=null
2020-01-19 23:14:12  [ main:7773 ] - [ INFO ]  ================添加回写信息======================
2020-01-19 23:14:12  [ main:7774 ] - [ INFO ]  ===============结束8测试用例==================
2020-01-19 23:14:12  [ main:7781 ] - [ INFO ]  ===============开始执行9测试用例==================
2020-01-19 23:14:12  [ main:7782 ] - [ INFO ]  params={"mobilephone":"18812341117","pwd":"123456"}
2020-01-19 23:14:12  [ main:7782 ] - [ INFO ]  validateSql=null
2020-01-19 23:14:12  [ main:8048 ] - [ INFO ]  ================添加回写信息======================
2020-01-19 23:14:12  [ main:8049 ] - [ INFO ]  ===============结束9测试用例==================
2020-01-19 23:14:12  [ main:8056 ] - [ INFO ]  ===============开始执行10测试用例==================
2020-01-19 23:14:12  [ main:8056 ] - [ INFO ]  params={"mobilephone":"18812341117","pwd":""}
2020-01-19 23:14:12  [ main:8057 ] - [ INFO ]  validateSql=null
2020-01-19 23:14:12  [ main:8166 ] - [ INFO ]  ================添加回写信息======================
2020-01-19 23:14:12  [ main:8167 ] - [ INFO ]  ===============结束10测试用例==================
2020-01-19 23:14:12  [ main:8174 ] - [ INFO ]  ===============开始执行11测试用例==================
2020-01-19 23:14:12  [ main:8175 ] - [ INFO ]  params={"mobilephone":"","pwd":"a123456"}
2020-01-19 23:14:12  [ main:8175 ] - [ INFO ]  validateSql=null
2020-01-19 23:14:12  [ main:8286 ] - [ INFO ]  ================添加回写信息======================
2020-01-19 23:14:12  [ main:8287 ] - [ INFO ]  ===============结束11测试用例==================
2020-01-19 23:14:12  [ main:8302 ] - [ INFO ]  ===============开始执行12测试用例==================
2020-01-19 23:14:12  [ main:8302 ] - [ INFO ]  params={"mobilephone":"","amount":"1000"}
2020-01-19 23:14:12  [ main:8303 ] - [ INFO ]  validateSql=null
2020-01-19 23:14:12  [ main:8414 ] - [ INFO ]  ================添加回写信息======================
2020-01-19 23:14:12  [ main:8415 ] - [ INFO ]  ===============结束12测试用例==================
2020-01-19 23:14:12  [ main:8423 ] - [ INFO ]  ===============开始执行13测试用例==================
2020-01-19 23:14:12  [ main:8424 ] - [ INFO ]  params={"mobilephone":"18812341117","amount":""}
2020-01-19 23:14:12  [ main:8424 ] - [ INFO ]  validateSql=null
2020-01-19 23:14:12  [ main:8533 ] - [ INFO ]  ================添加回写信息======================
2020-01-19 23:14:12  [ main:8534 ] - [ INFO ]  ===============结束13测试用例==================
2020-01-19 23:14:12  [ main:8542 ] - [ INFO ]  ===============开始执行14测试用例==================
2020-01-19 23:14:12  [ main:8542 ] - [ INFO ]  params={"mobilephone":"1881234111","amount":"1000"}
2020-01-19 23:14:12  [ main:8543 ] - [ INFO ]  validateSql=null
2020-01-19 23:14:13  [ main:8667 ] - [ INFO ]  ================添加回写信息======================
2020-01-19 23:14:13  [ main:8667 ] - [ INFO ]  ===============结束14测试用例==================
2020-01-19 23:14:13  [ main:8674 ] - [ INFO ]  ===============开始执行15测试用例==================
2020-01-19 23:14:13  [ main:8674 ] - [ INFO ]  params={"mobilephone":"18812341117","amount":"测试"}
2020-01-19 23:14:13  [ main:8676 ] - [ INFO ]  validateSql=null
2020-01-19 23:14:13  [ main:8795 ] - [ INFO ]  ================添加回写信息======================
2020-01-19 23:14:13  [ main:8796 ] - [ INFO ]  ===============结束15测试用例==================
2020-01-19 23:14:13  [ main:8808 ] - [ INFO ]  ===============开始执行16测试用例==================
2020-01-19 23:14:13  [ main:8809 ] - [ INFO ]  params={"mobilephone":"18812341117","amount":"-1"}
2020-01-19 23:14:13  [ main:8809 ] - [ INFO ]  validateSql=null
2020-01-19 23:14:13  [ main:8922 ] - [ INFO ]  ================添加回写信息======================
2020-01-19 23:14:13  [ main:8923 ] - [ INFO ]  ===============结束16测试用例==================
2020-01-19 23:14:13  [ main:8937 ] - [ INFO ]  ===============开始执行17测试用例==================
2020-01-19 23:14:13  [ main:8937 ] - [ INFO ]  params={"mobilephone":"18812341117","amount":"5000001"}
2020-01-19 23:14:13  [ main:8938 ] - [ INFO ]  validateSql=null
2020-01-19 23:14:13  [ main:9046 ] - [ INFO ]  ================添加回写信息======================
2020-01-19 23:14:13  [ main:9047 ] - [ INFO ]  ===============结束17测试用例==================
2020-01-19 23:14:13  [ main:9054 ] - [ INFO ]  ===============开始执行18测试用例==================
2020-01-19 23:14:13  [ main:9055 ] - [ INFO ]  params={"mobilephone":"18812341117","amount":"5000.001"}
2020-01-19 23:14:13  [ main:9055 ] - [ INFO ]  validateSql=null
2020-01-19 23:14:13  [ main:9160 ] - [ INFO ]  ================添加回写信息======================
2020-01-19 23:14:13  [ main:9160 ] - [ INFO ]  ===============结束18测试用例==================
2020-01-19 23:14:13  [ main:9167 ] - [ INFO ]  ===============开始执行19测试用例==================
2020-01-19 23:14:13  [ main:9168 ] - [ INFO ]  params={"mobilephone":"18812341117","amount":"5000"}
2020-01-19 23:14:13  [ main:9168 ] - [ INFO ]  validateSql=[
 {
  "no":"1",
  "sql":"select leaveamount from member where mobilephone = '18812341117'"
 },
 {
  "no":"2",
  "sql":"select count(*) as totalNum from financelog where IncomeMemberId = (select id from member where mobilephone = '18812341117')"
 }
]
2020-01-19 23:14:17  [ main:13025 ] - [ INFO ]  ================添加回写信息======================
2020-01-19 23:14:17  [ main:13026 ] - [ INFO ]  ===============结束19测试用例==================
2020-01-19 23:14:17  [ main:13148 ] - [ INFO ]  ===================批量回写=========================
2020-01-19 23:14:17  [ main:13377 ] - [ INFO ]  ===================套件执行完成======================
